
| distributed init (rank 0, world 1): env://
2023-09-12 20:45:22,286 [INFO]
=====  Running Parameters    =====
2023-09-12 20:45:22,287 [INFO] {
    "amp": true,
    "batch_size_eval": 2,
    "batch_size_train": 2,
    "device": "cuda",
    "dist_backend": "nccl",
    "dist_url": "env://",
    "distributed": true,
    "evaluate": false,
    "gpu": 0,
    "init_lr": 3e-05,
    "iters_per_epoch": 5,
    "lr_sched": "linear_warmup_cosine_lr",
    "max_epoch": 100,
    "min_lr": 1e-05,
    "num_workers": 4,
    "output_dir": "/output/",
    "rank": 0,
    "resume_ckpt_path": null,
    "seed": 42,
    "task": "video_text_pretrain",
    "train_splits": [
        "train"
    ],
    "valid_splits": [
        "val"
    ],
    "warmup_lr": 1e-06,
    "warmup_steps": 5,
    "weight_decay": 0.05,
    "world_size": 1
}
2023-09-12 20:45:22,287 [INFO]
======  Dataset Attributes  ======
2023-09-12 20:45:22,287 [INFO]
======== bdd_instruct =======
2023-09-12 20:45:22,288 [INFO] {
    "build_info": {
        "train": {
            "anno_dir": "/root/vision-assistant-for-driving/data/BDD_train_data/BDD-Instruct-10.json",
            "videos_dir": "/root/BDD-X/"
        },
        "val": {
            "anno_dir": "/root/vision-assistant-for-driving/data/BDD_train_data/BDD-Instruct-10.json",
            "videos_dir": "/root/BDD-X/"
        }
    },
    "data_type": "video",
    "model_type": "llama_v2",
    "num_video_query_token": 32,
    "text_processor": {
        "train": {
            "name": "blip_caption"
        },
        "val": {
            "name": "blip_caption"
        }
    },
    "tokenizer_name": "/root/ckpt/llama-2-7b-chat-hf",
    "vis_processor": {
        "train": {
            "image_size": 224,
            "n_frms": 8,
            "name": "alpro_video_train"
        },
        "val": {
            "image_size": 224,
            "n_frms": 8,
            "name": "alpro_video_train"
        }
    }
}
2023-09-12 20:45:22,288 [INFO]
======  Model Attributes  ======
2023-09-12 20:45:22,288 [INFO] {
    "arch": "video_llama",
    "ckpt": "/root/ckpt/VL_LLaMA_2_7B_Finetuned.pth",
    "drop_path_rate": 0,
    "equip_audio_branch": false,
    "freeze_qformer": true,
    "freeze_vit": true,
    "frozen_audio_Qformer": true,
    "frozen_llama_proj": false,
    "frozen_video_Qformer": false,
    "fusion_head_layers": 2,
    "fusion_header_type": "seqTransf",
    "image_size": 224,
    "llama_model": "/root/ckpt/llama-2-7b-chat-hf",
    "max_frame_pos": 32,
    "max_txt_len": 320,
    "model_type": "pretrain_llama_v2",
    "num_query_token": 32,
    "prompt": "",
    "use_grad_checkpoint": false,
    "vit_precision": "fp16"
}
2023-09-12 20:45:22,288 [INFO] Building datasets...
Loading VIT
2023-09-12 20:45:59,093 [INFO] freeze vision encoder
Loading VIT Done
Loading Q-Former
2023-09-12 20:46:01,689 [INFO] load checkpoint from https://storage.googleapis.com/sfr-vision-language-research/LAVIS/models/BLIP2/blip2_pretrained_flant5xxl.pth
2023-09-12 20:46:01,701 [INFO] freeze Qformer
2023-09-12 20:46:01,701 [INFO] Loading Q-Former Done
2023-09-12 20:46:01,701 [INFO] Loading LLAMA Tokenizer
Using pad_token, but it is not set yet.
2023-09-12 20:46:01,791 [INFO] Loading LLAMA Model

Loading checkpoint shards: 100%|███████████████████████████████████████████████████████████████████████████████████████████████████████████████| 2/2 [00:17<00:00,  8.76s/it]
2023-09-12 20:47:12,677 [INFO] Loading LLAMA Done
2023-09-12 20:47:12,677 [INFO] Loading LLAMA proj
2023-09-12 20:47:12,693 [INFO] LLAMA proj is not frozen
2023-09-12 20:47:12,693 [INFO] Loading llama_proj Done
2023-09-12 20:47:13,735 [INFO] video_Qformer is not frozen
2023-09-12 20:47:13,861 [INFO] Start training
Load first Checkpoint: /root/ckpt/VL_LLaMA_2_7B_Finetuned.pth
dict_keys(['train', 'val'])
module.video_query_tokens
module.llama_proj.weight
module.llama_proj.bias
module.video_frame_position_embedding.weight
module.video_Qformer.bert.embeddings.LayerNorm.weight
module.video_Qformer.bert.embeddings.LayerNorm.bias
module.video_Qformer.bert.encoder.layer.0.attention.self.query.weight
module.video_Qformer.bert.encoder.layer.0.attention.self.query.bias
module.video_Qformer.bert.encoder.layer.0.attention.self.key.weight
module.video_Qformer.bert.encoder.layer.0.attention.self.key.bias
module.video_Qformer.bert.encoder.layer.0.attention.self.value.weight
module.video_Qformer.bert.encoder.layer.0.attention.self.value.bias
module.video_Qformer.bert.encoder.layer.0.attention.output.dense.weight
module.video_Qformer.bert.encoder.layer.0.attention.output.dense.bias
module.video_Qformer.bert.encoder.layer.0.attention.output.LayerNorm.weight
module.video_Qformer.bert.encoder.layer.0.attention.output.LayerNorm.bias
module.video_Qformer.bert.encoder.layer.0.crossattention.self.query.weight
module.video_Qformer.bert.encoder.layer.0.crossattention.self.query.bias
module.video_Qformer.bert.encoder.layer.0.crossattention.self.key.weight
module.video_Qformer.bert.encoder.layer.0.crossattention.self.key.bias
module.video_Qformer.bert.encoder.layer.0.crossattention.self.value.weight
module.video_Qformer.bert.encoder.layer.0.crossattention.self.value.bias
module.video_Qformer.bert.encoder.layer.0.crossattention.output.dense.weight
module.video_Qformer.bert.encoder.layer.0.crossattention.output.dense.bias
module.video_Qformer.bert.encoder.layer.0.crossattention.output.LayerNorm.weight
module.video_Qformer.bert.encoder.layer.0.crossattention.output.LayerNorm.bias
module.video_Qformer.bert.encoder.layer.0.intermediate_query.dense.weight
module.video_Qformer.bert.encoder.layer.0.intermediate_query.dense.bias
module.video_Qformer.bert.encoder.layer.0.output_query.dense.weight
module.video_Qformer.bert.encoder.layer.0.output_query.dense.bias
module.video_Qformer.bert.encoder.layer.0.output_query.LayerNorm.weight
module.video_Qformer.bert.encoder.layer.0.output_query.LayerNorm.bias
module.video_Qformer.bert.encoder.layer.1.attention.self.query.weight
module.video_Qformer.bert.encoder.layer.1.attention.self.query.bias
module.video_Qformer.bert.encoder.layer.1.attention.self.key.weight
module.video_Qformer.bert.encoder.layer.1.attention.self.key.bias
module.video_Qformer.bert.encoder.layer.1.attention.self.value.weight
module.video_Qformer.bert.encoder.layer.1.attention.self.value.bias
module.video_Qformer.bert.encoder.layer.1.attention.output.dense.weight
module.video_Qformer.bert.encoder.layer.1.attention.output.dense.bias
module.video_Qformer.bert.encoder.layer.1.attention.output.LayerNorm.weight
module.video_Qformer.bert.encoder.layer.1.attention.output.LayerNorm.bias
module.video_Qformer.bert.encoder.layer.1.crossattention.self.query.weight
module.video_Qformer.bert.encoder.layer.1.crossattention.self.query.bias
module.video_Qformer.bert.encoder.layer.1.crossattention.self.key.weight
module.video_Qformer.bert.encoder.layer.1.crossattention.self.key.bias
module.video_Qformer.bert.encoder.layer.1.crossattention.self.value.weight
module.video_Qformer.bert.encoder.layer.1.crossattention.self.value.bias
module.video_Qformer.bert.encoder.layer.1.crossattention.output.dense.weight
module.video_Qformer.bert.encoder.layer.1.crossattention.output.dense.bias
module.video_Qformer.bert.encoder.layer.1.crossattention.output.LayerNorm.weight
module.video_Qformer.bert.encoder.layer.1.crossattention.output.LayerNorm.bias
module.video_Qformer.bert.encoder.layer.1.intermediate_query.dense.weight
module.video_Qformer.bert.encoder.layer.1.intermediate_query.dense.bias
module.video_Qformer.bert.encoder.layer.1.output_query.dense.weight
module.video_Qformer.bert.encoder.layer.1.output_query.dense.bias
module.video_Qformer.bert.encoder.layer.1.output_query.LayerNorm.weight
module.video_Qformer.bert.encoder.layer.1.output_query.LayerNorm.bias
2023-09-12 20:47:18,510 [INFO] dataset_ratios not specified, datasets will be concatenated (map-style datasets) or chained (webdataset.DataPipeline).
2023-09-12 20:47:18,510 [INFO] Loaded 10 records for train split from the dataset.
2023-09-12 20:47:18,510 [INFO] Loaded 10 records for val split from the dataset.
2023-09-12 20:47:18,526 [INFO] number of trainable parameters: 22104064
2023-09-12 20:47:18,526 [INFO] Start training epoch 0, 5 iters per inner epoch.
2023-09-12 20:47:21,434 [INFO] Reducer buckets have been rebuilt in this iteration.
Train: data epoch: [0]  [0/5]  eta: 0:00:14  lr: 0.000001  loss: 2.2720  time: 2.9050  data: 0.0000  max mem: 32987
Train: data epoch: [0]  [4/5]  eta: 0:00:00  lr: 0.000024  loss: 1.9258  time: 0.9016  data: 0.0000  max mem: 35724
Train: data epoch: [0] Total time: 0:00:04 (0.9019 s / it)
2023-09-12 20:47:23,036 [INFO] Averaged stats: lr: 0.0000  loss: 2.0897
2023-09-12 20:47:23,039 [INFO] Evaluating on val.
2023-09-12 20:47:23,050 [INFO] Start training
2023-09-12 20:47:23,069 [INFO] Start training epoch 1, 5 iters per inner epoch.
Train: data epoch: [1]  [0/5]  eta: 0:00:16  lr: 0.000030  loss: 1.9663  time: 3.2220  data: 0.0000  max mem: 35724
2023-09-12 20:47:27,721 [INFO] Averaged stats: lr: 0.0000  loss: 1.8879
2023-09-12 20:47:27,724 [INFO] Evaluating on val.
2023-09-12 20:47:27,736 [INFO] Start training
2023-09-12 20:47:27,755 [INFO] Start training epoch 2, 5 iters per inner epoch.
Train: data epoch: [1]  [4/5]  eta: 0:00:00  lr: 0.000030  loss: 1.9333  time: 0.9301  data: 0.0000  max mem: 35724
Train: data epoch: [1] Total time: 0:00:04 (0.9304 s / it)
Train: data epoch: [2]  [0/5]  eta: 0:00:15  lr: 0.000030  loss: 1.7643  time: 3.1988  data: 0.0000  max mem: 35724
Train: data epoch: [2]  [4/5]  eta: 0:00:00  lr: 0.000030  loss: 1.8292  time: 0.9305  data: 0.0000  max mem: 35724
Train: data epoch: [2] Total time: 0:00:04 (0.9309 s / it)
2023-09-12 20:47:32,410 [INFO] Averaged stats: lr: 0.0000  loss: 1.7928
2023-09-12 20:47:32,412 [INFO] Evaluating on val.
2023-09-12 20:47:32,425 [INFO] Start training
2023-09-12 20:47:32,444 [INFO] Start training epoch 3, 5 iters per inner epoch.
Train: data epoch: [3]  [0/5]  eta: 0:00:16  lr: 0.000030  loss: 1.6741  time: 3.2946  data: 0.0000  max mem: 35724
2023-09-12 20:47:37,183 [INFO] Averaged stats: lr: 0.0000  loss: 1.7303
2023-09-12 20:47:37,186 [INFO] Evaluating on val.
2023-09-12 20:47:37,198 [INFO] Start training
2023-09-12 20:47:37,216 [INFO] Start training epoch 4, 5 iters per inner epoch.
Train: data epoch: [3]  [4/5]  eta: 0:00:00  lr: 0.000030  loss: 1.6887  time: 0.9474  data: 0.0000  max mem: 35724
Train: data epoch: [3] Total time: 0:00:04 (0.9478 s / it)
Train: data epoch: [4]  [0/5]  eta: 0:00:15  lr: 0.000030  loss: 1.5905  time: 3.1923  data: 0.0000  max mem: 35724
2023-09-12 20:47:41,815 [INFO] Averaged stats: lr: 0.0000  loss: 1.6811
2023-09-12 20:47:41,818 [INFO] Evaluating on val.
2023-09-12 20:47:41,830 [INFO] Start training
2023-09-12 20:47:41,848 [INFO] Start training epoch 5, 5 iters per inner epoch.
Train: data epoch: [4]  [4/5]  eta: 0:00:00  lr: 0.000030  loss: 1.7931  time: 0.9193  data: 0.0000  max mem: 35724
Train: data epoch: [4] Total time: 0:00:04 (0.9197 s / it)
Train: data epoch: [5]  [0/5]  eta: 0:00:15  lr: 0.000030  loss: 1.6205  time: 3.1069  data: 0.0000  max mem: 35724
Train: data epoch: [5]  [4/5]  eta: 0:00:00  lr: 0.000030  loss: 1.5089  time: 0.9166  data: 0.0000  max mem: 35724
Train: data epoch: [5] Total time: 0:00:04 (0.9169 s / it)
2023-09-12 20:47:46,434 [INFO] Averaged stats: lr: 0.0000  loss: 1.6230
2023-09-12 20:47:46,436 [INFO] Evaluating on val.
2023-09-12 20:47:46,451 [INFO] Start training
2023-09-12 20:47:46,469 [INFO] Start training epoch 6, 5 iters per inner epoch.
Train: data epoch: [6]  [0/5]  eta: 0:00:15  lr: 0.000030  loss: 1.5200  time: 3.1825  data: 0.0000  max mem: 35724
Train: data epoch: [6]  [4/5]  eta: 0:00:00  lr: 0.000030  loss: 1.4715  time: 0.9266  data: 0.0000  max mem: 35724
Train: data epoch: [6] Total time: 0:00:04 (0.9269 s / it)
2023-09-12 20:47:51,104 [INFO] Averaged stats: lr: 0.0000  loss: 1.5721
2023-09-12 20:47:51,107 [INFO] Evaluating on val.
2023-09-12 20:47:51,119 [INFO] Start training
2023-09-12 20:47:51,137 [INFO] Start training epoch 7, 5 iters per inner epoch.
Train: data epoch: [7]  [0/5]  eta: 0:00:15  lr: 0.000030  loss: 1.5845  time: 3.1964  data: 0.0000  max mem: 35724
2023-09-12 20:47:55,707 [INFO] Averaged stats: lr: 0.0000  loss: 1.5338
2023-09-12 20:47:55,709 [INFO] Evaluating on val.
2023-09-12 20:47:55,721 [INFO] Start training
2023-09-12 20:47:55,740 [INFO] Start training epoch 8, 5 iters per inner epoch.
Train: data epoch: [7]  [4/5]  eta: 0:00:00  lr: 0.000030  loss: 1.4863  time: 0.9135  data: 0.0000  max mem: 35724
Train: data epoch: [7] Total time: 0:00:04 (0.9138 s / it)
Train: data epoch: [8]  [0/5]  eta: 0:00:16  lr: 0.000030  loss: 1.6832  time: 3.2083  data: 0.0000  max mem: 35724
Train: data epoch: [8]  [4/5]  eta: 0:00:00  lr: 0.000030  loss: 1.4265  time: 0.9247  data: 0.0000  max mem: 35724
Train: data epoch: [8] Total time: 0:00:04 (0.9250 s / it)
2023-09-12 20:48:00,365 [INFO] Averaged stats: lr: 0.0000  loss: 1.4794
2023-09-12 20:48:00,367 [INFO] Evaluating on val.
2023-09-12 20:48:00,381 [INFO] Start training
2023-09-12 20:48:00,403 [INFO] Start training epoch 9, 5 iters per inner epoch.
Train: data epoch: [9]  [0/5]  eta: 0:00:16  lr: 0.000030  loss: 1.5141  time: 3.2130  data: 0.0000  max mem: 35724
Train: data epoch: [9]  [4/5]  eta: 0:00:00  lr: 0.000030  loss: 1.3966  time: 0.9300  data: 0.0000  max mem: 35724
Train: data epoch: [9] Total time: 0:00:04 (0.9304 s / it)
2023-09-12 20:48:05,056 [INFO] Averaged stats: lr: 0.0000  loss: 1.4311
2023-09-12 20:48:05,059 [INFO] Evaluating on val.
2023-09-12 20:48:05,073 [INFO] Start training
2023-09-12 20:48:05,093 [INFO] Start training epoch 10, 5 iters per inner epoch.
Error in sys.excepthook:
Traceback (most recent call last):
  File "/root/miniconda3/envs/videollama2/lib/python3.9/linecache.py", line 46, in getlines
    return updatecache(filename, module_globals)
  File "/root/miniconda3/envs/videollama2/lib/python3.9/linecache.py", line 137, in updatecache
    lines = fp.readlines()
  File "/root/miniconda3/envs/videollama2/lib/python3.9/codecs.py", line 319, in decode
    def decode(self, input, final=False):
KeyboardInterrupt
Original exception was:
Traceback (most recent call last):
  File "/root/vision-assistant-for-driving/video_llama/datasets/datasets/dataloader_utils.py", line 147, in __next__
    data = next(self.iter_loader)
StopIteration
During handling of the above exception, another exception occurred:
Traceback (most recent call last):
  File "/root/vision-assistant-for-driving/train.py", line 114, in <module>
    main()
  File "/root/vision-assistant-for-driving/train.py", line 110, in main
    runner.train(wandb)
  File "/root/vision-assistant-for-driving/video_llama/runners/runner_base.py", line 379, in train
    train_stats = self.train_epoch(cur_epoch)
  File "/root/vision-assistant-for-driving/video_llama/runners/runner_base.py", line 445, in train_epoch
    return self.task.train_epoch(
  File "/root/vision-assistant-for-driving/video_llama/tasks/base_task.py", line 123, in train_epoch
    ):
  File "/root/vision-assistant-for-driving/video_llama/tasks/base_task.py", line 214, in _train_inner_loop
  File "/root/vision-assistant-for-driving/video_llama/datasets/datasets/dataloader_utils.py", line 43, in __next__
    return next(self.loaders[loader_idx])
  File "/root/vision-assistant-for-driving/video_llama/datasets/datasets/dataloader_utils.py", line 152, in __next__
    time.sleep(2)  # Prevent possible deadlock during epoch transition
KeyboardInterrupt